<?xml version="1.0" encoding="UTF-8"?>
<testsuite xmlns:xsi="http://www.w3.org/2001/XMLSchema-instance" xsi:schemaLocation="https://maven.apache.org/surefire/maven-surefire-plugin/xsd/surefire-test-report.xsd" name="runner.TestRunner" time="43.885" tests="4" errors="0" skipped="0" failures="0">
  <properties>
[...]
</properties>
  <testcase name="Given User choose book and proceeding purchase operation" classname="Scenario: purchasing first of new arrivals book" time="0.001"/>
  <testcase name="When Click on place order button" classname="Scenario: purchasing first of new arrivals book" time="0"/>
  <testcase name="Then Order details are correct" classname="Scenario: purchasing first of new arrivals book" time="0"/>
  <testcase name="Scenario: purchasing first of new arrivals book" classname="Scenario: purchasing first of new arrivals book" time="0.27"/>
</testsuite>